0 info it worked if it ends with ok
1 verbose cli [ '/usr/local/bin/node', '/usr/local/bin/npm', 'start' ]
2 info using npm@3.10.2
3 info using node@v4.4.7
4 verbose run-script [ 'prestart', 'start', 'poststart' ]
5 info lifecycle ng2CodeSchool@1.0.0~prestart: ng2CodeSchool@1.0.0
6 silly lifecycle ng2CodeSchool@1.0.0~prestart: no script for prestart, continuing
7 info lifecycle ng2CodeSchool@1.0.0~start: ng2CodeSchool@1.0.0
8 verbose lifecycle ng2CodeSchool@1.0.0~start: unsafe-perm in lifecycle true
9 verbose lifecycle ng2CodeSchool@1.0.0~start: PATH: /usr/local/lib/node_modules/npm/bin/node-gyp-bin:/Users/Nehal/Racing-Car-App/node_modules/.bin:/usr/local/bin:/Users/Nehal/.rvm/gems/ruby-2.2.1/bin:/Users/Nehal/.rvm/gems/ruby-2.2.1@global/bin:/Users/Nehal/.rvm/rubies/ruby-2.2.1/bin:/Library/Frameworks/Python.framework/Versions/2.7/bin:/usr/local/bin:/usr/bin:/bin:/usr/sbin:/sbin:/usr/local/git/bin:/Users/Nehal/.rvm/bin
10 verbose lifecycle ng2CodeSchool@1.0.0~start: CWD: /Users/Nehal/Racing-Car-App
11 silly lifecycle ng2CodeSchool@1.0.0~start: Args: [ '-c', 'tsc && concurrently "npm run tsc:w" "npm run lite" ' ]
12 silly lifecycle ng2CodeSchool@1.0.0~start: Returned: code: 2  signal: null
13 info lifecycle ng2CodeSchool@1.0.0~start: Failed to exec start script
14 verbose stack Error: ng2CodeSchool@1.0.0 start: `tsc && concurrently "npm run tsc:w" "npm run lite" `
14 verbose stack Exit status 2
14 verbose stack     at EventEmitter.<anonymous> (/usr/local/lib/node_modules/npm/lib/utils/lifecycle.js:242:16)
14 verbose stack     at emitTwo (events.js:87:13)
14 verbose stack     at EventEmitter.emit (events.js:172:7)
14 verbose stack     at ChildProcess.<anonymous> (/usr/local/lib/node_modules/npm/lib/utils/spawn.js:40:14)
14 verbose stack     at emitTwo (events.js:87:13)
14 verbose stack     at ChildProcess.emit (events.js:172:7)
14 verbose stack     at maybeClose (internal/child_process.js:827:16)
14 verbose stack     at Process.ChildProcess._handle.onexit (internal/child_process.js:211:5)
15 verbose pkgid ng2CodeSchool@1.0.0
16 verbose cwd /Users/Nehal/Racing-Car-App
17 error Darwin 15.5.0
18 error argv "/usr/local/bin/node" "/usr/local/bin/npm" "start"
19 error node v4.4.7
20 error npm  v3.10.2
21 error code ELIFECYCLE
22 error ng2CodeSchool@1.0.0 start: `tsc && concurrently "npm run tsc:w" "npm run lite" `
22 error Exit status 2
23 error Failed at the ng2CodeSchool@1.0.0 start script 'tsc && concurrently "npm run tsc:w" "npm run lite" '.
23 error Make sure you have the latest version of node.js and npm installed.
23 error If you do, this is most likely a problem with the ng2CodeSchool package,
23 error not with npm itself.
23 error Tell the author that this fails on your system:
23 error     tsc && concurrently "npm run tsc:w" "npm run lite"
23 error You can get information on how to open an issue for this project with:
23 error     npm bugs ng2CodeSchool
23 error Or if that isn't available, you can get their info via:
23 error     npm owner ls ng2CodeSchool
23 error There is likely additional logging output above.
24 verbose exit [ 1, true ]
